<?xml version="1.0" encoding="UTF-8"?>
<!-- Generated by org.testng.reporters.JUnitReportReporter -->
<testsuite skipped="0" hostname="DESKTOP-0VKQUJV" name="com.testscripts.TestScript1" tests="1" failures="0" timestamp="2020-09-05T13:45:50 IST" time="7.456" errors="0">
  <testcase name="creatingTask" time="7.456" classname="com.testscripts.TestScript1"/>
</testsuite> <!-- com.testscripts.TestScript1 -->
